zn =   29.00000, ze =   28.00000
itr = 0
  l = 0
    n = 1, e =    -420.66156928 (   -841.32313856)
    n = 2, e =    -105.18515728 (   -210.37031456)
    n = 3, e =     -46.76359772 (    -93.52719544)
  l = 1
    n = 2, e =    -105.14489386 (   -210.28978771)
    n = 3, e =     -46.74576164 (    -93.49152327)
  l = 2
    n = 3, e =     -46.72926757 (    -93.45853514)
  cnv =   1.000000, mix =   0.100000
  integrated charge =   2.800000 out of  28.000000
itr = 1
  l = 0
    n = 1, e =    -414.89834600 (   -829.79669199)
    n = 2, e =     -99.20809632 (   -198.41619264)
    n = 3, e =     -42.57277197 (    -85.14554394)
  l = 1
    n = 2, e =     -98.71649659 (   -197.43299318)
    n = 3, e =     -42.33016040 (    -84.66032079)
  l = 2
    n = 3, e =     -41.87600037 (    -83.75200074)
  cnv =   0.900000, mix =   0.108696
  integrated charge =   5.539130 out of  28.000000
itr = 2
  l = 0
    n = 1, e =    -402.92822738 (   -805.85645475)
    n = 2, e =     -90.62471742 (   -181.24943485)
    n = 3, e =     -37.14600306 (    -74.29200612)
  l = 1
    n = 2, e =     -89.48862709 (   -178.97725419)
    n = 3, e =     -36.59692724 (    -73.19385447)
  l = 2
    n = 3, e =     -35.57980019 (    -71.15960037)
  cnv =   0.802174, mix =   0.118802
  integrated charge =   8.207519 out of  28.000000
itr = 3
  l = 0
    n = 1, e =    -390.98812274 (   -781.97624548)
    n = 2, e =     -82.25963886 (   -164.51927773)
    n = 3, e =     -31.95153802 (    -63.90307605)
  l = 1
    n = 2, e =     -80.50986926 (   -161.01973852)
    n = 3, e =     -31.13022311 (    -62.26044622)
  l = 2
    n = 3, e =     -29.60333840 (    -59.20667679)
  cnv =   0.706874, mix =   0.130634
  integrated charge =  10.793083 out of  28.000000
itr = 4
  l = 0
    n = 1, e =    -379.57151193 (   -759.14302386)
    n = 2, e =     -74.35995288 (   -148.71990576)
    n = 3, e =     -27.10916871 (    -54.21833742)
  l = 1
    n = 2, e =     -72.04689199 (   -144.09378398)
    n = 3, e =     -26.06053675 (    -52.12107351)
  l = 2
    n = 3, e =     -24.09891220 (    -48.19782440)
  cnv =   0.614533, mix =   0.144587
  integrated charge =  13.280976 out of  28.000000
itr = 5
  l = 0
    n = 1, e =    -368.93593572 (   -737.87187144)
    n = 2, e =     -67.06744547 (   -134.13489095)
    n = 3, e =     -22.68083236 (    -45.36166472)
  l = 1
    n = 2, e =     -64.25117894 (   -128.50235788)
    n = 3, e =     -21.45382934 (    -42.90765869)
  l = 2
    n = 3, e =     -19.14530278 (    -38.29060556)
  cnv =   0.525679, mix =   0.161149
  integrated charge =  15.652932 out of  28.000000
itr = 6
  l = 0
    n = 1, e =    -359.27824540 (   -718.55649081)
    n = 2, e =     -60.49964039 (   -120.99928079)
    n = 3, e =     -18.71123701 (    -37.42247402)
  l = 1
    n = 2, e =     -57.24639021 (   -114.49278042)
    n = 3, e =     -17.35542137 (    -34.71084275)
  l = 2
    n = 3, e =     -14.79611666 (    -29.59223331)
  cnv =   0.440967, mix =   0.180906
  integrated charge =  17.886591 out of  28.000000
itr = 7
  l = 0
    n = 1, e =    -350.77233410 (   -701.54466819)
    n = 2, e =     -54.76706848 (   -109.53413696)
    n = 3, e =     -15.23702412 (    -30.47404825)
  l = 1
    n = 2, e =     -51.14676549 (   -102.29353099)
    n = 3, e =     -13.79931309 (    -27.59862618)
  l = 2
    n = 3, e =     -11.08818085 (    -22.17636169)
  cnv =   0.361193, mix =   0.204518
  integrated charge =  19.954965 out of  28.000000
itr = 8
  l = 0
    n = 1, e =    -343.57245937 (   -687.14491874)
    n = 2, e =     -49.97281400 (    -99.94562800)
    n = 3, e =     -12.28873576 (    -24.57747152)
  l = 1
    n = 2, e =     -46.05662717 (    -92.11325433)
    n = 3, e =     -10.80966150 (    -21.61932300)
  l = 2
    n = 3, e =      -8.04013096 (    -16.08026191)
  cnv =   0.294500, mix =   0.229568
  integrated charge =  21.801850 out of  28.000000
itr = 9
  l = 0
    n = 1, e =    -337.87256123 (   -675.74512246)
    n = 2, e =     -46.24834403 (    -92.49668805)
    n = 3, e =      -9.92053428 (    -19.84106856)
  l = 1
    n = 2, e =     -42.10868526 (    -84.21737052)
    n = 3, e =      -8.43023159 (    -16.86046317)
  l = 2
    n = 3, e =      -5.67772039 (    -11.35544077)
  cnv =   0.262647, mix =   0.243832
  integrated charge =  23.313160 out of  28.000000
itr = 10
  l = 0
    n = 1, e =    -333.89023373 (   -667.78046746)
    n = 2, e =     -43.72842781 (    -87.45685563)
    n = 3, e =      -8.21824634 (    -16.43649268)
  l = 1
    n = 2, e =     -39.43854824 (    -78.87709647)
    n = 3, e =      -6.73232108 (    -13.46464215)
  l = 2
    n = 3, e =      -4.03583450 (     -8.07166900)
  cnv =   0.236099, mix =   0.257149
  integrated charge =  24.518378 out of  28.000000
itr = 11
  l = 0
    n = 1, e =    -331.24948912 (   -662.49897824)
    n = 2, e =     -42.14063178 (    -84.28126356)
    n = 3, e =      -7.04720180 (    -14.09440360)
  l = 1
    n = 2, e =     -37.75327706 (    -75.50655412)
    n = 3, e =      -5.56866926 (    -11.13733852)
  l = 2
    n = 3, e =      -2.93226830 (     -5.86453659)
  cnv =   0.203218, mix =   0.275805
  integrated charge =  25.478629 out of  28.000000
itr = 12
  l = 0
    n = 1, e =    -329.52022898 (   -659.04045795)
    n = 2, e =     -41.17509287 (    -82.35018574)
    n = 3, e =      -6.25094653 (    -12.50189306)
  l = 1
    n = 2, e =     -36.72407470 (    -73.44814940)
    n = 3, e =      -4.77749797 (     -9.55499595)
  l = 2
    n = 3, e =      -2.18851406 (     -4.37702813)
  cnv =   0.163286, mix =   0.302454
  integrated charge =  26.241227 out of  28.000000
itr = 13
  l = 0
    n = 1, e =    -328.38029109 (   -656.76058218)
    n = 2, e =     -40.59547193 (    -81.19094386)
    n = 3, e =      -5.70959213 (    -11.41918427)
  l = 1
    n = 2, e =     -36.10196170 (    -72.20392339)
    n = 3, e =      -4.23825430 (     -8.47650860)
  l = 2
    n = 3, e =      -1.68110126 (     -3.36220252)
  cnv =   0.120317, mix =   0.337548
  integrated charge =  26.834898 out of  28.000000
itr = 14
  l = 0
    n = 1, e =    -327.61452451 (   -655.22904902)
    n = 2, e =     -40.24001162 (    -80.48002325)
    n = 3, e =      -5.33972179 (    -10.67944357)
  l = 1
    n = 2, e =     -35.71746183 (    -71.43492365)
    n = 3, e =      -3.86861629 (     -7.73723259)
  l = 2
    n = 3, e =      -1.33124691 (     -2.66249382)
  cnv =   0.080424, mix =   0.378302
  integrated charge =  27.275658 out of  28.000000
itr = 15
  l = 0
    n = 1, e =    -327.09447764 (   -654.18895528)
    n = 2, e =     -40.01120325 (    -80.02240649)
    n = 3, e =      -5.08862137 (    -10.17724273)
  l = 1
    n = 2, e =     -35.46871692 (    -70.93743384)
    n = 3, e =      -3.61704549 (     -7.23409097)
  l = 2
    n = 3, e =      -1.09188186 (     -2.18376373)
  cnv =   0.048907, mix =   0.418190
  integrated charge =  27.578570 out of  28.000000
itr = 16
  l = 0
    n = 1, e =    -326.75316368 (   -653.50632737)
    n = 2, e =     -39.86271472 (    -79.72542943)
    n = 3, e =      -4.92624511 (     -9.85249022)
  l = 1
    n = 2, e =     -35.30708736 (    -70.61417472)
    n = 3, e =      -3.45413212 (     -6.90826423)
  l = 2
    n = 3, e =      -0.93694072 (     -1.87388144)
  cnv =   0.028016, mix =   0.449614
  integrated charge =  27.768051 out of  28.000000
itr = 17
  l = 0
    n = 1, e =    -326.55752166 (   -653.11504331)
    n = 2, e =     -39.78242783 (    -79.56485565)
    n = 3, e =      -4.83689842 (     -9.67379684)
  l = 1
    n = 2, e =     -35.21898162 (    -70.43796325)
    n = 3, e =      -3.36423727 (     -6.72847454)
  l = 2
    n = 3, e =      -0.85171936 (     -1.70343872)
  cnv =   0.015314, mix =   0.471140
  integrated charge =  27.877331 out of  28.000000
itr = 18
  l = 0
    n = 1, e =    -326.46000025 (   -652.92000050)
    n = 2, e =     -39.74842111 (    -79.49684222)
    n = 3, e =      -4.79687841 (     -9.59375683)
  l = 1
    n = 2, e =     -35.18068118 (    -70.36136237)
    n = 3, e =      -3.32370679 (     -6.64741359)
  l = 2
    n = 3, e =      -0.81314082 (     -1.62628164)
  cnv =   0.007617, mix =   0.485216
  integrated charge =  27.936852 out of  28.000000
itr = 19
  l = 0
    n = 1, e =    -326.40926557 (   -652.81853114)
    n = 2, e =     -39.73140584 (    -79.46281168)
    n = 3, e =      -4.77903656 (     -9.55807311)
  l = 1
    n = 2, e =     -35.16127777 (    -70.32255555)
    n = 3, e =      -3.30554796 (     -6.61109591)
  l = 2
    n = 3, e =      -0.79578686 (     -1.59157372)
  cnv =   0.003913, mix =   0.492295
  integrated charge =  27.967940 out of  28.000000
itr = 20
  l = 0
    n = 1, e =    -326.38387800 (   -652.76775600)
    n = 2, e =     -39.72298016 (    -79.44596032)
    n = 3, e =      -4.77144421 (     -9.54288842)
  l = 1
    n = 2, e =     -35.15160436 (    -70.30320873)
    n = 3, e =      -3.29777859 (     -6.59555719)
  l = 2
    n = 3, e =      -0.78831171 (     -1.57662342)
  cnv =   0.002189, mix =   0.495659
  integrated charge =  27.983831 out of  28.000000
itr = 21
  l = 0
    n = 1, e =    -326.37143627 (   -652.74287254)
    n = 2, e =     -39.71876815 (    -79.43753631)
    n = 3, e =      -4.76821965 (     -9.53643930)
  l = 1
    n = 2, e =     -35.14677179 (    -70.29354357)
    n = 3, e =      -3.29446083 (     -6.58892166)
  l = 2
    n = 3, e =      -0.78507699 (     -1.57015398)
  cnv =   0.001208, mix =   0.497596
  integrated charge =  27.991876 out of  28.000000
itr = 22
  l = 0
    n = 1, e =    -326.36533435 (   -652.73066870)
    n = 2, e =     -39.71656677 (    -79.43313354)
    n = 3, e =      -4.76676917 (     -9.53353834)
  l = 1
    n = 2, e =     -35.14427242 (    -70.28854483)
    n = 3, e =      -3.29296505 (     -6.58593010)
  l = 2
    n = 3, e =      -0.78360554 (     -1.56721109)
  cnv =   0.000666, mix =   0.498672
  integrated charge =  27.995927 out of  28.000000
itr = 23
  l = 0
    n = 1, e =    -326.36251854 (   -652.72503707)
    n = 2, e =     -39.71554856 (    -79.43109713)
    n = 3, e =      -4.76616263 (     -9.53232525)
  l = 1
    n = 2, e =     -35.14311916 (    -70.28623832)
    n = 3, e =      -3.29233549 (     -6.58467099)
  l = 2
    n = 3, e =      -0.78297371 (     -1.56594742)
  cnv =   0.000361, mix =   0.499278
  integrated charge =  27.997961 out of  28.000000
itr = 24
  l = 0
    n = 1, e =    -326.36116594 (   -652.72233187)
    n = 2, e =     -39.71502076 (    -79.43004153)
    n = 3, e =      -4.76587392 (     -9.53174784)
  l = 1
    n = 2, e =     -35.14253033 (    -70.28506065)
    n = 3, e =      -3.29203618 (     -6.58407236)
  l = 2
    n = 3, e =      -0.78267175 (     -1.56534350)
  cnv =   0.000195, mix =   0.499610
  integrated charge =  27.998980 out of  28.000000
itr = 25
  l = 0
    n = 1, e =    -326.36057148 (   -652.72114297)
    n = 2, e =     -39.71479521 (    -79.42959042)
    n = 3, e =      -4.76575771 (     -9.53151542)
  l = 1
    n = 2, e =     -35.14227902 (    -70.28455805)
    n = 3, e =      -3.29191452 (     -6.58382904)
  l = 2
    n = 3, e =      -0.78254511 (     -1.56509022)
  cnv =   0.000104, mix =   0.499792
  integrated charge =  27.999490 out of  28.000000
itr = 26
  l = 0
    n = 1, e =    -326.36028138 (   -652.72056275)
    n = 2, e =     -39.71467245 (    -79.42934491)
    n = 3, e =      -4.76569633 (     -9.53139266)
  l = 1
    n = 2, e =     -35.14214499 (    -70.28428997)
    n = 3, e =      -3.29185076 (     -6.58370153)
  l = 2
    n = 3, e =      -0.78247934 (     -1.56495868)
  cnv =   0.000055, mix =   0.499890
  integrated charge =  27.999745 out of  28.000000
itr = 27
  l = 0
    n = 1, e =    -326.36016179 (   -652.72032357)
    n = 2, e =     -39.71462596 (    -79.42925192)
    n = 3, e =      -4.76567406 (     -9.53134812)
  l = 1
    n = 2, e =     -35.14209415 (    -70.28418830)
    n = 3, e =      -3.29182720 (     -6.58365441)
  l = 2
    n = 3, e =      -0.78245365 (     -1.56490731)
  cnv =   0.000029, mix =   0.499942
  integrated charge =  27.999872 out of  28.000000
itr = 28
  l = 0
    n = 1, e =    -326.36009951 (   -652.72019902)
    n = 2, e =     -39.71459707 (    -79.42919413)
    n = 3, e =      -4.76565990 (     -9.53131979)
  l = 1
    n = 2, e =     -35.14206335 (    -70.28412669)
    n = 3, e =      -3.29181253 (     -6.58362506)
  l = 2
    n = 3, e =      -0.78243832 (     -1.56487665)
  cnv =   0.000015, mix =   0.499970
  integrated charge =  27.999936 out of  28.000000
itr = 29
  l = 0
    n = 1, e =    -326.36007675 (   -652.72015349)
    n = 2, e =     -39.71458844 (    -79.42917689)
    n = 3, e =      -4.76565587 (     -9.53131174)
  l = 1
    n = 2, e =     -35.14205412 (    -70.28410824)
    n = 3, e =      -3.29180819 (     -6.58361638)
  l = 2
    n = 3, e =      -0.78243325 (     -1.56486650)
  cnv =   0.000008, mix =   0.499984
  integrated charge =  27.999968 out of  28.000000

                   Orbital Summary
 nl    occ        E           KE       <1/r>     <r>
 1s   2.00    -326.3601    409.2915   28.6154   0.0527
 2s   2.00     -39.7146     78.0586    6.2573   0.2363
 2p   6.00     -35.1421     77.8096    6.2309   0.2051
 3s   2.00      -4.7657     17.1741    1.9866   0.7121
 3p   6.00      -3.2918     15.4907    1.8625   0.7383
 3d  10.00      -0.7824     10.5383    1.4778   0.9229

     Energy Summary
 kinetic energy      =  1674.2338
 potential energy    = -3314.5026
 one-electron energy = -2300.4296
 two-electron energy =   660.1608

 total energy = -1640.2688
 virial ratio =    -1.9797
