zn =   29.00000, ze =   29.00000
itr = 0
  l = 0
    n = 1, e =    -420.66156928 (   -841.32313856)
    n = 2, e =    -105.18515728 (   -210.37031456)
    n = 3, e =     -46.76359772 (    -93.52719544)
    n = 4, e =     -26.31606211 (    -52.63212422)
  l = 1
    n = 2, e =    -105.14489386 (   -210.28978771)
    n = 3, e =     -46.74576164 (    -93.49152327)
  l = 2
    n = 3, e =     -46.72926757 (    -93.45853514)
  cnv =   1.000000, mix =   0.100000
  integrated charge =   2.900000 out of  29.000000
itr = 1
  l = 0
    n = 1, e =    -414.74184824 (   -829.48369648)
    n = 2, e =     -99.06550957 (   -198.13101913)
    n = 3, e =     -42.45781801 (    -84.91563602)
    n = 4, e =     -23.20329258 (    -46.40658516)
  l = 1
    n = 2, e =     -98.57078791 (   -197.14157583)
    n = 3, e =     -42.21069344 (    -84.42138689)
  l = 2
    n = 3, e =     -41.74847725 (    -83.49695450)
  cnv =   0.900000, mix =   0.108696
  integrated charge =   5.736957 out of  29.000000
itr = 2
  l = 0
    n = 1, e =    -402.62087642 (   -805.24175285)
    n = 2, e =     -90.34602195 (   -180.69204391)
    n = 3, e =     -36.91655307 (    -73.83310614)
    n = 4, e =     -19.66176837 (    -39.32353673)
  l = 1
    n = 2, e =     -89.20438970 (   -178.40877941)
    n = 3, e =     -36.36065046 (    -72.72130092)
  l = 2
    n = 3, e =     -35.33046638 (    -70.66093277)
  cnv =   0.802174, mix =   0.118802
  integrated charge =   8.500645 out of  29.000000
itr = 3
  l = 0
    n = 1, e =    -390.54785389 (   -781.09570778)
    n = 2, e =     -81.85980252 (   -163.71960505)
    n = 3, e =     -31.61914840 (    -63.23829680)
    n = 4, e =     -16.35919753 (    -32.71839505)
  l = 1
    n = 2, e =     -80.10280317 (   -160.20560633)
    n = 3, e =     -30.78989836 (    -61.57979671)
  l = 2
    n = 3, e =     -29.24661748 (    -58.49323496)
  cnv =   0.706874, mix =   0.130634
  integrated charge =  11.178550 out of  29.000000
itr = 4
  l = 0
    n = 1, e =    -379.01945528 (   -758.03891056)
    n = 2, e =     -73.85651233 (   -147.71302467)
    n = 3, e =     -26.68730629 (    -53.37461259)
    n = 4, e =     -13.34898921 (    -26.69797842)
  l = 1
    n = 2, e =     -71.53529197 (   -143.07058393)
    n = 3, e =     -25.63080005 (    -51.26160011)
  l = 2
    n = 3, e =     -23.65136906 (    -47.30273812)
  cnv =   0.614533, mix =   0.144587
  integrated charge =  13.755296 out of  29.000000
itr = 5
  l = 0
    n = 1, e =    -368.29626644 (   -736.59253289)
    n = 2, e =     -66.48058580 (   -132.96117161)
    n = 3, e =     -22.18439045 (    -44.36878091)
    n = 4, e =     -10.65667553 (    -21.31335106)
  l = 1
    n = 2, e =     -63.65599347 (   -127.31198694)
    n = 3, e =     -20.95071732 (    -41.90143463)
  l = 2
    n = 3, e =     -18.62534072 (    -37.25068144)
  cnv =   0.525679, mix =   0.161149
  integrated charge =  16.211966 out of  29.000000
itr = 6
  l = 0
    n = 1, e =    -358.57824494 (   -717.15648988)
    n = 2, e =     -59.85245644 (   -119.70491287)
    n = 3, e =     -18.15647283 (    -36.31294565)
    n = 4, e =      -8.29752020 (    -16.59504041)
  l = 1
    n = 2, e =     -56.59144725 (   -113.18289449)
    n = 3, e =     -16.79619839 (    -33.59239678)
  l = 2
    n = 3, e =     -14.22376196 (    -28.44752391)
  cnv =   0.440967, mix =   0.180906
  integrated charge =  18.525398 out of  29.000000
itr = 7
  l = 0
    n = 1, e =    -350.04226979 (   -700.08453959)
    n = 2, e =     -54.08574467 (   -108.17148934)
    n = 3, e =     -14.64162757 (    -29.28325514)
    n = 4, e =      -6.27978461 (    -12.55956923)
  l = 1
    n = 2, e =     -50.45890016 (   -100.91780032)
    n = 3, e =     -13.20235512 (    -26.40471025)
  l = 2
    n = 3, e =     -10.48467707 (    -20.96935413)
  cnv =   0.361193, mix =   0.204518
  integrated charge =  20.667642 out of  29.000000
itr = 8
  l = 0
    n = 1, e =    -342.84490856 (   -685.68981711)
    n = 2, e =     -49.28640457 (    -98.57280915)
    n = 3, e =     -11.67194788 (    -23.34389576)
    n = 4, e =      -4.60448355 (     -9.20896710)
  l = 1
    n = 2, e =     -45.36539246 (    -90.73078492)
    n = 3, e =     -10.19433693 (    -20.38867385)
  l = 2
    n = 3, e =      -7.42716518 (    -14.85433036)
  cnv =   0.296947, mix =   0.228541
  integrated charge =  22.571930 out of  29.000000
itr = 9
  l = 0
    n = 1, e =    -337.20544700 (   -674.41089399)
    n = 2, e =     -45.60371367 (    -91.20742735)
    n = 3, e =      -9.31366927 (    -18.62733853)
    n = 4, e =      -3.28633132 (     -6.57266264)
  l = 1
    n = 2, e =     -41.46216467 (    -82.92432934)
    n = 3, e =      -7.82716091 (    -15.65432182)
  l = 2
    n = 3, e =      -5.08616365 (    -10.17232729)
  cnv =   0.265751, mix =   0.242365
  integrated charge =  24.129870 out of  29.000000
itr = 10
  l = 0
    n = 1, e =    -333.29600595 (   -666.59201190)
    n = 2, e =     -43.14128271 (    -86.28256541)
    n = 3, e =      -7.63669994 (    -15.27339988)
    n = 4, e =      -2.33962976 (     -4.67925952)
  l = 1
    n = 2, e =     -38.85176925 (    -77.70353850)
    n = 3, e =      -6.15533094 (    -12.31066188)
  l = 2
    n = 3, e =      -3.47637266 (     -6.95274531)
  cnv =   0.238180, mix =   0.256053
  integrated charge =  25.376881 out of  29.000000
itr = 11
  l = 0
    n = 1, e =    -330.71774217 (   -661.43548433)
    n = 2, e =     -41.60922774 (    -83.21845548)
    n = 3, e =      -6.49650615 (    -12.99301229)
    n = 4, e =      -1.67196211 (     -3.34392422)
  l = 1
    n = 2, e =     -37.22329956 (    -74.44659911)
    n = 3, e =      -5.02200069 (    -10.04400138)
  l = 2
    n = 3, e =      -2.40508883 (     -4.81017766)
  cnv =   0.203892, mix =   0.275396
  integrated charge =  26.374674 out of  29.000000
itr = 12
  l = 0
    n = 1, e =    -329.03884401 (   -658.07768801)
    n = 2, e =     -40.69378455 (    -81.38756910)
    n = 3, e =      -5.73403039 (    -11.46806078)
    n = 4, e =      -1.19610550 (     -2.39221101)
  l = 1
    n = 2, e =     -36.24437984 (    -72.48875968)
    n = 3, e =      -4.26342496 (     -8.52684993)
  l = 2
    n = 3, e =      -1.69247089 (     -3.38494177)
  cnv =   0.162214, mix =   0.303241
  integrated charge =  27.170780 out of  29.000000
itr = 13
  l = 0
    n = 1, e =    -327.93454091 (   -655.86908181)
    n = 2, e =     -40.15404842 (    -80.30809684)
    n = 3, e =      -5.22563056 (    -10.45126112)
    n = 4, e =      -0.85302070 (     -1.70604140)
  l = 1
    n = 2, e =     -35.66170031 (    -71.32340061)
    n = 3, e =      -3.75589107 (     -7.51178213)
  l = 2
    n = 3, e =      -1.21354993 (     -2.42709986)
  cnv =   0.117792, mix =   0.339866
  integrated charge =  27.792469 out of  29.000000
itr = 14
  l = 0
    n = 1, e =    -327.19037548 (   -654.38075096)
    n = 2, e =     -39.82620443 (    -79.65240885)
    n = 3, e =      -4.88513509 (     -9.77027017)
    n = 4, e =      -0.60760362 (     -1.21520725)
  l = 1
    n = 2, e =     -35.30401503 (    -70.60803006)
    n = 3, e =      -3.41467463 (     -6.82934927)
  l = 2
    n = 3, e =      -0.88882988 (     -1.77765977)
  cnv =   0.077302, mix =   0.381910
  integrated charge =  28.253637 out of  29.000000
itr = 15
  l = 0
    n = 1, e =    -326.68399916 (   -653.36799831)
    n = 2, e =     -39.61574762 (    -79.23149524)
    n = 3, e =      -4.65957841 (     -9.31915682)
    n = 4, e =      -0.43993884 (     -0.87987767)
  l = 1
    n = 2, e =     -35.07283459 (    -70.14566918)
    n = 3, e =      -3.18805795 (     -6.37611591)
  l = 2
    n = 3, e =      -0.67183900 (     -1.34367801)
  cnv =   0.046110, mix =   0.422140
  integrated charge =  28.568707 out of  29.000000
itr = 16
  l = 0
    n = 1, e =    -326.35580779 (   -652.71161557)
    n = 2, e =     -39.48189989 (    -78.96379978)
    n = 3, e =      -4.51987778 (     -9.03975556)
    n = 4, e =      -0.34011583 (     -0.68023165)
  l = 1
    n = 2, e =     -34.92536657 (    -69.85073315)
    n = 3, e =      -3.04749864 (     -6.09499729)
  l = 2
    n = 3, e =      -0.53684117 (     -1.07368234)
  cnv =   0.025538, mix =   0.453658
  integrated charge =  28.764366 out of  29.000000
itr = 17
  l = 0
    n = 1, e =    -326.16919206 (   -652.33838413)
    n = 2, e =     -39.41005934 (    -78.82011868)
    n = 3, e =      -4.44758899 (     -8.89517798)
    n = 4, e =      -0.29384227 (     -0.58768453)
  l = 1
    n = 2, e =     -34.84545722 (    -69.69091445)
    n = 3, e =      -2.97458722 (     -5.94917444)
  l = 2
    n = 3, e =      -0.46653744 (     -0.93307488)
  cnv =   0.013288, mix =   0.474766
  integrated charge =  28.876237 out of  29.000000
itr = 18
  l = 0
    n = 1, e =    -326.07630175 (   -652.15260350)
    n = 2, e =     -39.37887517 (    -78.75775034)
    n = 3, e =      -4.41833511 (     -8.83667022)
    n = 4, e =      -0.27591699 (     -0.55183397)
  l = 1
    n = 2, e =     -34.80991442 (    -69.61982884)
    n = 3, e =      -2.94492886 (     -5.88985773)
  l = 2
    n = 3, e =      -0.43770851 (     -0.87541701)
  cnv =   0.008005, mix =   0.484486
  integrated charge =  28.936199 out of  29.000000
itr = 19
  l = 0
    n = 1, e =    -326.03059301 (   -652.06118602)
    n = 2, e =     -39.36416882 (    -78.72833764)
    n = 3, e =      -4.40711842 (     -8.81423685)
    n = 4, e =      -0.26912038 (     -0.53824076)
  l = 1
    n = 2, e =     -34.79297409 (    -69.58594818)
    n = 3, e =      -2.93353012 (     -5.86706024)
  l = 2
    n = 3, e =      -0.42664141 (     -0.85328282)
  cnv =   0.005114, mix =   0.489978
  integrated charge =  28.967460 out of  29.000000
itr = 20
  l = 0
    n = 1, e =    -326.00977406 (   -652.01954812)
    n = 2, e =     -39.35808428 (    -78.71616856)
    n = 3, e =      -4.40332416 (     -8.80664832)
    n = 4, e =      -0.26650253 (     -0.53300506)
  l = 1
    n = 2, e =     -34.78584422 (    -69.57168844)
    n = 3, e =      -2.92965394 (     -5.85930789)
  l = 2
    n = 3, e =      -0.42284897 (     -0.84569795)
  cnv =   0.003090, mix =   0.493896
  integrated charge =  28.983531 out of  29.000000
itr = 21
  l = 0
    n = 1, e =    -325.99996373 (   -651.99992746)
    n = 2, e =     -39.35511131 (    -78.71022261)
    n = 3, e =      -4.40179105 (     -8.80358209)
    n = 4, e =      -0.26539179 (     -0.53078357)
  l = 1
    n = 2, e =     -34.78239785 (    -69.56479571)
    n = 3, e =      -2.92809436 (     -5.85618871)
  l = 2
    n = 3, e =      -0.42133838 (     -0.84267677)
  cnv =   0.001778, mix =   0.496469
  integrated charge =  28.991707 out of  29.000000
itr = 22
  l = 0
    n = 1, e =    -325.99585662 (   -651.99171323)
    n = 2, e =     -39.35404922 (    -78.70809844)
    n = 3, e =      -4.40133052 (     -8.80266104)
    n = 4, e =      -0.26492636 (     -0.52985273)
  l = 1
    n = 2, e =     -34.78114204 (    -69.56228408)
    n = 3, e =      -2.92762291 (     -5.85524582)
  l = 2
    n = 3, e =      -0.42087115 (     -0.84174230)
  cnv =   0.000995, mix =   0.498017
  integrated charge =  28.995837 out of  29.000000
itr = 23
  l = 0
    n = 1, e =    -325.99391770 (   -651.98783541)
    n = 2, e =     -39.35347174 (    -78.70694348)
    n = 3, e =      -4.40107950 (     -8.80215900)
    n = 4, e =      -0.26471295 (     -0.52942590)
  l = 1
    n = 2, e =     -34.78048378 (    -69.56096756)
    n = 3, e =      -2.92737108 (     -5.85474215)
  l = 2
    n = 3, e =      -0.42063148 (     -0.84126295)
  cnv =   0.000542, mix =   0.498918
  integrated charge =  28.997914 out of  29.000000
itr = 24
  l = 0
    n = 1, e =    -325.99321243 (   -651.98642486)
    n = 2, e =     -39.35334701 (    -78.70669402)
    n = 3, e =      -4.40103853 (     -8.80207706)
    n = 4, e =      -0.26462268 (     -0.52924537)
  l = 1
    n = 2, e =     -34.78033124 (    -69.56066248)
    n = 3, e =      -2.92732931 (     -5.85465862)
  l = 2
    n = 3, e =      -0.42058736 (     -0.84117472)
  cnv =   0.000293, mix =   0.499414
  integrated charge =  28.998956 out of  29.000000
itr = 25
  l = 0
    n = 1, e =    -325.99282919 (   -651.98565838)
    n = 2, e =     -39.35322560 (    -78.70645120)
    n = 3, e =      -4.40097982 (     -8.80195965)
    n = 4, e =      -0.26457652 (     -0.52915305)
  l = 1
    n = 2, e =     -34.78019818 (    -69.56039635)
    n = 3, e =      -2.92727187 (     -5.85454373)
  l = 2
    n = 3, e =      -0.42053485 (     -0.84106970)
  cnv =   0.000156, mix =   0.499689
  integrated charge =  28.999478 out of  29.000000
itr = 26
  l = 0
    n = 1, e =    -325.99273313 (   -651.98546627)
    n = 2, e =     -39.35323585 (    -78.70647170)
    n = 3, e =      -4.40098661 (     -8.80197323)
    n = 4, e =      -0.26455818 (     -0.52911637)
  l = 1
    n = 2, e =     -34.78020606 (    -69.56041213)
    n = 3, e =      -2.92727869 (     -5.85455738)
  l = 2
    n = 3, e =      -0.42053981 (     -0.84107961)
  cnv =   0.000083, mix =   0.499834
  integrated charge =  28.999739 out of  29.000000
itr = 27
  l = 0
    n = 1, e =    -325.99264676 (   -651.98529353)
    n = 2, e =     -39.35320098 (    -78.70640196)
    n = 3, e =      -4.40096620 (     -8.80193239)
    n = 4, e =      -0.26454698 (     -0.52909395)
  l = 1
    n = 2, e =     -34.78016967 (    -69.56033933)
    n = 3, e =      -2.92725901 (     -5.85451802)
  l = 2
    n = 3, e =      -0.42052252 (     -0.84104505)
  cnv =   0.000043, mix =   0.499913
  integrated charge =  28.999869 out of  29.000000
itr = 28
  l = 0
    n = 1, e =    -325.99264549 (   -651.98529098)
    n = 2, e =     -39.35321825 (    -78.70643650)
    n = 3, e =      -4.40097445 (     -8.80194891)
    n = 4, e =      -0.26454340 (     -0.52908679)
  l = 1
    n = 2, e =     -34.78018736 (    -69.56037471)
    n = 3, e =      -2.92726723 (     -5.85453446)
  l = 2
    n = 3, e =      -0.42052959 (     -0.84105919)
  cnv =   0.000023, mix =   0.499954
  integrated charge =  28.999935 out of  29.000000
itr = 29
  l = 0
    n = 1, e =    -325.99261982 (   -651.98523963)
    n = 2, e =     -39.35320361 (    -78.70640723)
    n = 3, e =      -4.40096532 (     -8.80193063)
    n = 4, e =      -0.26454031 (     -0.52908061)
  l = 1
    n = 2, e =     -34.78017244 (    -69.56034487)
    n = 3, e =      -2.92725843 (     -5.85451686)
  l = 2
    n = 3, e =      -0.42052201 (     -0.84104401)
  cnv =   0.000012, mix =   0.499976
  integrated charge =  28.999967 out of  29.000000
itr = 30
  l = 0
    n = 1, e =    -325.99262786 (   -651.98525572)
    n = 2, e =     -39.35321440 (    -78.70642879)
    n = 3, e =      -4.40097062 (     -8.80194125)
    n = 4, e =      -0.26453979 (     -0.52907957)
  l = 1
    n = 2, e =     -34.78018359 (    -69.56036718)
    n = 3, e =      -2.92726367 (     -5.85452734)
  l = 2
    n = 3, e =      -0.42052657 (     -0.84105315)
  cnv =   0.000006, mix =   0.499987
  integrated charge =  28.999984 out of  29.000000

                   Orbital Summary
 nl    occ        E           KE       <1/r>     <r>
 1s   2.00    -325.9926    409.2882   28.6152   0.0527
 2s   2.00     -39.3532     78.0568    6.2572   0.2363
 2p   6.00     -34.7802     77.8063    6.2308   0.2051
 3s   2.00      -4.4010     17.1817    1.9870   0.7120
 3p   6.00      -2.9273     15.4940    1.8626   0.7384
 3d  10.00      -0.4205     10.4720    1.4713   0.9331
 4s   1.00      -0.2645      1.1132    0.4398   2.9912

     Energy Summary
 kinetic energy      =  1674.6889
 potential energy    = -3315.2096
 one-electron energy = -2310.8336
 two-electron energy =   670.3128

 total energy = -1640.5208
 virial ratio =    -1.9796
